ERROR - 2024-12-03 01:39:31 --> Error connecting to the database: mysqli_sql_exception: No connection could be made because the target machine actively refused it in D:\penggajian\system\Database\MySQLi\Connection.php:187
Stack trace:
#0 D:\penggajian\system\Database\MySQLi\Connection.php(187): mysqli->real_connect('localhost', 'root', '', 'penggajian', NULL, '', 0)
#1 D:\penggajian\system\Database\BaseConnection.php(421): CodeIgniter\Database\MySQLi\Connection->connect(false)
#2 D:\penggajian\system\Database\BaseConnection.php(616): CodeIgniter\Database\BaseConnection->initialize()
#3 D:\penggajian\system\Database\BaseBuilder.php(1644): CodeIgniter\Database\BaseConnection->query('SELECT *\nFROM `...', Array, false)
#4 D:\penggajian\system\Model.php(286): CodeIgniter\Database\BaseBuilder->get()
#5 D:\penggajian\system\BaseModel.php(676): CodeIgniter\Model->doFindAll(0, 0)
#6 D:\penggajian\app\Controllers\Departemen.php(12): CodeIgniter\BaseModel->findAll()
#7 D:\penggajian\system\CodeIgniter.php(933): App\Controllers\Departemen->index()
#8 D:\penggajian\system\CodeIgniter.php(509): CodeIgniter\CodeIgniter->runController(Object(App\Controllers\Departemen))
#9 D:\penggajian\system\CodeIgniter.php(355): CodeIgniter\CodeIgniter->handleRequest(NULL, Object(Config\Cache), false)
#10 D:\penggajian\system\Boot.php(325): CodeIgniter\CodeIgniter->run()
#11 D:\penggajian\system\Boot.php(67): CodeIgniter\Boot::runCodeIgniter(Object(CodeIgniter\CodeIgniter))
#12 D:\penggajian\public\index.php(56): CodeIgniter\Boot::bootWeb(Object(Config\Paths))
#13 D:\penggajian\system\rewrite.php(44): require_once('D:\\penggajian\\p...')
#14 {main}

Next CodeIgniter\Database\Exceptions\DatabaseException: No connection could be made because the target machine actively refused it in D:\penggajian\system\Database\MySQLi\Connection.php:231
Stack trace:
#0 D:\penggajian\system\Database\BaseConnection.php(421): CodeIgniter\Database\MySQLi\Connection->connect(false)
#1 D:\penggajian\system\Database\BaseConnection.php(616): CodeIgniter\Database\BaseConnection->initialize()
#2 D:\penggajian\system\Database\BaseBuilder.php(1644): CodeIgniter\Database\BaseConnection->query('SELECT *\nFROM `...', Array, false)
#3 D:\penggajian\system\Model.php(286): CodeIgniter\Database\BaseBuilder->get()
#4 D:\penggajian\system\BaseModel.php(676): CodeIgniter\Model->doFindAll(0, 0)
#5 D:\penggajian\app\Controllers\Departemen.php(12): CodeIgniter\BaseModel->findAll()
#6 D:\penggajian\system\CodeIgniter.php(933): App\Controllers\Departemen->index()
#7 D:\penggajian\system\CodeIgniter.php(509): CodeIgniter\CodeIgniter->runController(Object(App\Controllers\Departemen))
#8 D:\penggajian\system\CodeIgniter.php(355): CodeIgniter\CodeIgniter->handleRequest(NULL, Object(Config\Cache), false)
#9 D:\penggajian\system\Boot.php(325): CodeIgniter\CodeIgniter->run()
#10 D:\penggajian\system\Boot.php(67): CodeIgniter\Boot::runCodeIgniter(Object(CodeIgniter\CodeIgniter))
#11 D:\penggajian\public\index.php(56): CodeIgniter\Boot::bootWeb(Object(Config\Paths))
#12 D:\penggajian\system\rewrite.php(44): require_once('D:\\penggajian\\p...')
#13 {main}
CRITICAL - 2024-12-03 01:39:31 --> CodeIgniter\Database\Exceptions\DatabaseException: Unable to connect to the database.
Main connection [MySQLi]: No connection could be made because the target machine actively refused it
[Method: GET, Route: departemen]
in SYSTEMPATH\Database\BaseConnection.php on line 467.
 1 SYSTEMPATH\Database\BaseConnection.php(616): CodeIgniter\Database\BaseConnection->initialize()
 2 SYSTEMPATH\Database\BaseBuilder.php(1644): CodeIgniter\Database\BaseConnection->query('SELECT *
FROM `departemen`', [], false)
 3 SYSTEMPATH\Model.php(286): CodeIgniter\Database\BaseBuilder->get()
 4 SYSTEMPATH\BaseModel.php(676): CodeIgniter\Model->doFindAll(0, 0)
 5 APPPATH\Controllers\Departemen.php(12): CodeIgniter\BaseModel->findAll()
 6 SYSTEMPATH\CodeIgniter.php(933): App\Controllers\Departemen->index()
 7 SYSTEMPATH\CodeIgniter.php(509): CodeIgniter\CodeIgniter->runController(Object(App\Controllers\Departemen))
 8 SYSTEMPATH\CodeIgniter.php(355): CodeIgniter\CodeIgniter->handleRequest(null, Object(Config\Cache), false)
 9 SYSTEMPATH\Boot.php(325): CodeIgniter\CodeIgniter->run()
10 SYSTEMPATH\Boot.php(67): CodeIgniter\Boot::runCodeIgniter(Object(CodeIgniter\CodeIgniter))
11 FCPATH\index.php(56): CodeIgniter\Boot::bootWeb(Object(Config\Paths))
12 SYSTEMPATH\rewrite.php(44): require_once('D:\\penggajian\\public\\index.php')
ERROR - 2024-12-03 01:39:35 --> Error connecting to the database: mysqli_sql_exception: No connection could be made because the target machine actively refused it in D:\penggajian\system\Database\MySQLi\Connection.php:187
Stack trace:
#0 D:\penggajian\system\Database\MySQLi\Connection.php(187): mysqli->real_connect('localhost', 'root', '', 'penggajian', NULL, '', 0)
#1 D:\penggajian\system\Database\BaseConnection.php(421): CodeIgniter\Database\MySQLi\Connection->connect(false)
#2 D:\penggajian\system\Database\BaseConnection.php(616): CodeIgniter\Database\BaseConnection->initialize()
#3 D:\penggajian\system\Database\BaseBuilder.php(1644): CodeIgniter\Database\BaseConnection->query('SELECT *\nFROM `...', Array, false)
#4 D:\penggajian\system\Model.php(286): CodeIgniter\Database\BaseBuilder->get()
#5 D:\penggajian\system\BaseModel.php(676): CodeIgniter\Model->doFindAll(0, 0)
#6 D:\penggajian\app\Controllers\Jabatan.php(12): CodeIgniter\BaseModel->findAll()
#7 D:\penggajian\system\CodeIgniter.php(933): App\Controllers\Jabatan->index()
#8 D:\penggajian\system\CodeIgniter.php(509): CodeIgniter\CodeIgniter->runController(Object(App\Controllers\Jabatan))
#9 D:\penggajian\system\CodeIgniter.php(355): CodeIgniter\CodeIgniter->handleRequest(NULL, Object(Config\Cache), false)
#10 D:\penggajian\system\Boot.php(325): CodeIgniter\CodeIgniter->run()
#11 D:\penggajian\system\Boot.php(67): CodeIgniter\Boot::runCodeIgniter(Object(CodeIgniter\CodeIgniter))
#12 D:\penggajian\public\index.php(56): CodeIgniter\Boot::bootWeb(Object(Config\Paths))
#13 D:\penggajian\system\rewrite.php(44): require_once('D:\\penggajian\\p...')
#14 {main}

Next CodeIgniter\Database\Exceptions\DatabaseException: No connection could be made because the target machine actively refused it in D:\penggajian\system\Database\MySQLi\Connection.php:231
Stack trace:
#0 D:\penggajian\system\Database\BaseConnection.php(421): CodeIgniter\Database\MySQLi\Connection->connect(false)
#1 D:\penggajian\system\Database\BaseConnection.php(616): CodeIgniter\Database\BaseConnection->initialize()
#2 D:\penggajian\system\Database\BaseBuilder.php(1644): CodeIgniter\Database\BaseConnection->query('SELECT *\nFROM `...', Array, false)
#3 D:\penggajian\system\Model.php(286): CodeIgniter\Database\BaseBuilder->get()
#4 D:\penggajian\system\BaseModel.php(676): CodeIgniter\Model->doFindAll(0, 0)
#5 D:\penggajian\app\Controllers\Jabatan.php(12): CodeIgniter\BaseModel->findAll()
#6 D:\penggajian\system\CodeIgniter.php(933): App\Controllers\Jabatan->index()
#7 D:\penggajian\system\CodeIgniter.php(509): CodeIgniter\CodeIgniter->runController(Object(App\Controllers\Jabatan))
#8 D:\penggajian\system\CodeIgniter.php(355): CodeIgniter\CodeIgniter->handleRequest(NULL, Object(Config\Cache), false)
#9 D:\penggajian\system\Boot.php(325): CodeIgniter\CodeIgniter->run()
#10 D:\penggajian\system\Boot.php(67): CodeIgniter\Boot::runCodeIgniter(Object(CodeIgniter\CodeIgniter))
#11 D:\penggajian\public\index.php(56): CodeIgniter\Boot::bootWeb(Object(Config\Paths))
#12 D:\penggajian\system\rewrite.php(44): require_once('D:\\penggajian\\p...')
#13 {main}
CRITICAL - 2024-12-03 01:39:35 --> CodeIgniter\Database\Exceptions\DatabaseException: Unable to connect to the database.
Main connection [MySQLi]: No connection could be made because the target machine actively refused it
[Method: GET, Route: jabatan]
in SYSTEMPATH\Database\BaseConnection.php on line 467.
 1 SYSTEMPATH\Database\BaseConnection.php(616): CodeIgniter\Database\BaseConnection->initialize()
 2 SYSTEMPATH\Database\BaseBuilder.php(1644): CodeIgniter\Database\BaseConnection->query('SELECT *
FROM `jabatan`', [], false)
 3 SYSTEMPATH\Model.php(286): CodeIgniter\Database\BaseBuilder->get()
 4 SYSTEMPATH\BaseModel.php(676): CodeIgniter\Model->doFindAll(0, 0)
 5 APPPATH\Controllers\Jabatan.php(12): CodeIgniter\BaseModel->findAll()
 6 SYSTEMPATH\CodeIgniter.php(933): App\Controllers\Jabatan->index()
 7 SYSTEMPATH\CodeIgniter.php(509): CodeIgniter\CodeIgniter->runController(Object(App\Controllers\Jabatan))
 8 SYSTEMPATH\CodeIgniter.php(355): CodeIgniter\CodeIgniter->handleRequest(null, Object(Config\Cache), false)
 9 SYSTEMPATH\Boot.php(325): CodeIgniter\CodeIgniter->run()
10 SYSTEMPATH\Boot.php(67): CodeIgniter\Boot::runCodeIgniter(Object(CodeIgniter\CodeIgniter))
11 FCPATH\index.php(56): CodeIgniter\Boot::bootWeb(Object(Config\Paths))
12 SYSTEMPATH\rewrite.php(44): require_once('D:\\penggajian\\public\\index.php')
