ERROR - 2024-12-07 03:04:59 --> mysqli_sql_exception: Cannot delete or update a parent row: a foreign key constraint fails (`penggajian`.`karyawan`, CONSTRAINT `karyawan_ibfk_1` FOREIGN KEY (`departemen_id`) REFERENCES `departemen` (`id`)) in D:\penggajian\system\Database\MySQLi\Connection.php:312
Stack trace:
#0 D:\penggajian\system\Database\MySQLi\Connection.php(312): mysqli->query('DELETE FROM `de...', 0)
#1 D:\penggajian\system\Database\BaseConnection.php(734): CodeIgniter\Database\MySQLi\Connection->execute('DELETE FROM `de...')
#2 D:\penggajian\system\Database\BaseConnection.php(648): CodeIgniter\Database\BaseConnection->simpleQuery('DELETE FROM `de...')
#3 D:\penggajian\system\Database\BaseBuilder.php(2843): CodeIgniter\Database\BaseConnection->query('DELETE FROM `de...', Array, false)
#4 D:\penggajian\system\Model.php(521): CodeIgniter\Database\BaseBuilder->delete()
#5 D:\penggajian\system\BaseModel.php(1158): CodeIgniter\Model->doDelete(Array, false)
#6 D:\penggajian\app\Controllers\Departemen.php(51): CodeIgniter\BaseModel->delete(Array)
#7 D:\penggajian\system\CodeIgniter.php(933): App\Controllers\Departemen->delete('4')
#8 D:\penggajian\system\CodeIgniter.php(509): CodeIgniter\CodeIgniter->runController(Object(App\Controllers\Departemen))
#9 D:\penggajian\system\CodeIgniter.php(355): CodeIgniter\CodeIgniter->handleRequest(NULL, Object(Config\Cache), false)
#10 D:\penggajian\system\Boot.php(325): CodeIgniter\CodeIgniter->run()
#11 D:\penggajian\system\Boot.php(67): CodeIgniter\Boot::runCodeIgniter(Object(CodeIgniter\CodeIgniter))
#12 D:\penggajian\public\index.php(56): CodeIgniter\Boot::bootWeb(Object(Config\Paths))
#13 D:\penggajian\system\rewrite.php(44): require_once('D:\\penggajian\\p...')
#14 {main}
ERROR - 2024-12-07 03:05:06 --> mysqli_sql_exception: Cannot delete or update a parent row: a foreign key constraint fails (`penggajian`.`karyawan`, CONSTRAINT `karyawan_ibfk_1` FOREIGN KEY (`departemen_id`) REFERENCES `departemen` (`id`)) in D:\penggajian\system\Database\MySQLi\Connection.php:312
Stack trace:
#0 D:\penggajian\system\Database\MySQLi\Connection.php(312): mysqli->query('DELETE FROM `de...', 0)
#1 D:\penggajian\system\Database\BaseConnection.php(734): CodeIgniter\Database\MySQLi\Connection->execute('DELETE FROM `de...')
#2 D:\penggajian\system\Database\BaseConnection.php(648): CodeIgniter\Database\BaseConnection->simpleQuery('DELETE FROM `de...')
#3 D:\penggajian\system\Database\BaseBuilder.php(2843): CodeIgniter\Database\BaseConnection->query('DELETE FROM `de...', Array, false)
#4 D:\penggajian\system\Model.php(521): CodeIgniter\Database\BaseBuilder->delete()
#5 D:\penggajian\system\BaseModel.php(1158): CodeIgniter\Model->doDelete(Array, false)
#6 D:\penggajian\app\Controllers\Departemen.php(51): CodeIgniter\BaseModel->delete(Array)
#7 D:\penggajian\system\CodeIgniter.php(933): App\Controllers\Departemen->delete('4')
#8 D:\penggajian\system\CodeIgniter.php(509): CodeIgniter\CodeIgniter->runController(Object(App\Controllers\Departemen))
#9 D:\penggajian\system\CodeIgniter.php(355): CodeIgniter\CodeIgniter->handleRequest(NULL, Object(Config\Cache), false)
#10 D:\penggajian\system\Boot.php(325): CodeIgniter\CodeIgniter->run()
#11 D:\penggajian\system\Boot.php(67): CodeIgniter\Boot::runCodeIgniter(Object(CodeIgniter\CodeIgniter))
#12 D:\penggajian\public\index.php(56): CodeIgniter\Boot::bootWeb(Object(Config\Paths))
#13 D:\penggajian\system\rewrite.php(44): require_once('D:\\penggajian\\p...')
#14 {main}
ERROR - 2024-12-07 03:05:10 --> mysqli_sql_exception: Cannot delete or update a parent row: a foreign key constraint fails (`penggajian`.`karyawan`, CONSTRAINT `karyawan_ibfk_1` FOREIGN KEY (`departemen_id`) REFERENCES `departemen` (`id`)) in D:\penggajian\system\Database\MySQLi\Connection.php:312
Stack trace:
#0 D:\penggajian\system\Database\MySQLi\Connection.php(312): mysqli->query('DELETE FROM `de...', 0)
#1 D:\penggajian\system\Database\BaseConnection.php(734): CodeIgniter\Database\MySQLi\Connection->execute('DELETE FROM `de...')
#2 D:\penggajian\system\Database\BaseConnection.php(648): CodeIgniter\Database\BaseConnection->simpleQuery('DELETE FROM `de...')
#3 D:\penggajian\system\Database\BaseBuilder.php(2843): CodeIgniter\Database\BaseConnection->query('DELETE FROM `de...', Array, false)
#4 D:\penggajian\system\Model.php(521): CodeIgniter\Database\BaseBuilder->delete()
#5 D:\penggajian\system\BaseModel.php(1158): CodeIgniter\Model->doDelete(Array, false)
#6 D:\penggajian\app\Controllers\Departemen.php(51): CodeIgniter\BaseModel->delete(Array)
#7 D:\penggajian\system\CodeIgniter.php(933): App\Controllers\Departemen->delete('6')
#8 D:\penggajian\system\CodeIgniter.php(509): CodeIgniter\CodeIgniter->runController(Object(App\Controllers\Departemen))
#9 D:\penggajian\system\CodeIgniter.php(355): CodeIgniter\CodeIgniter->handleRequest(NULL, Object(Config\Cache), false)
#10 D:\penggajian\system\Boot.php(325): CodeIgniter\CodeIgniter->run()
#11 D:\penggajian\system\Boot.php(67): CodeIgniter\Boot::runCodeIgniter(Object(CodeIgniter\CodeIgniter))
#12 D:\penggajian\public\index.php(56): CodeIgniter\Boot::bootWeb(Object(Config\Paths))
#13 D:\penggajian\system\rewrite.php(44): require_once('D:\\penggajian\\p...')
#14 {main}
ERROR - 2024-12-07 03:05:27 --> mysqli_sql_exception: Cannot delete or update a parent row: a foreign key constraint fails (`penggajian`.`karyawan`, CONSTRAINT `karyawan_ibfk_1` FOREIGN KEY (`departemen_id`) REFERENCES `departemen` (`id`)) in D:\penggajian\system\Database\MySQLi\Connection.php:312
Stack trace:
#0 D:\penggajian\system\Database\MySQLi\Connection.php(312): mysqli->query('DELETE FROM `de...', 0)
#1 D:\penggajian\system\Database\BaseConnection.php(734): CodeIgniter\Database\MySQLi\Connection->execute('DELETE FROM `de...')
#2 D:\penggajian\system\Database\BaseConnection.php(648): CodeIgniter\Database\BaseConnection->simpleQuery('DELETE FROM `de...')
#3 D:\penggajian\system\Database\BaseBuilder.php(2843): CodeIgniter\Database\BaseConnection->query('DELETE FROM `de...', Array, false)
#4 D:\penggajian\system\Model.php(521): CodeIgniter\Database\BaseBuilder->delete()
#5 D:\penggajian\system\BaseModel.php(1158): CodeIgniter\Model->doDelete(Array, false)
#6 D:\penggajian\app\Controllers\Departemen.php(51): CodeIgniter\BaseModel->delete(Array)
#7 D:\penggajian\system\CodeIgniter.php(933): App\Controllers\Departemen->delete('9')
#8 D:\penggajian\system\CodeIgniter.php(509): CodeIgniter\CodeIgniter->runController(Object(App\Controllers\Departemen))
#9 D:\penggajian\system\CodeIgniter.php(355): CodeIgniter\CodeIgniter->handleRequest(NULL, Object(Config\Cache), false)
#10 D:\penggajian\system\Boot.php(325): CodeIgniter\CodeIgniter->run()
#11 D:\penggajian\system\Boot.php(67): CodeIgniter\Boot::runCodeIgniter(Object(CodeIgniter\CodeIgniter))
#12 D:\penggajian\public\index.php(56): CodeIgniter\Boot::bootWeb(Object(Config\Paths))
#13 D:\penggajian\system\rewrite.php(44): require_once('D:\\penggajian\\p...')
#14 {main}
ERROR - 2024-12-07 03:05:32 --> mysqli_sql_exception: Cannot delete or update a parent row: a foreign key constraint fails (`penggajian`.`karyawan`, CONSTRAINT `karyawan_ibfk_1` FOREIGN KEY (`departemen_id`) REFERENCES `departemen` (`id`)) in D:\penggajian\system\Database\MySQLi\Connection.php:312
Stack trace:
#0 D:\penggajian\system\Database\MySQLi\Connection.php(312): mysqli->query('DELETE FROM `de...', 0)
#1 D:\penggajian\system\Database\BaseConnection.php(734): CodeIgniter\Database\MySQLi\Connection->execute('DELETE FROM `de...')
#2 D:\penggajian\system\Database\BaseConnection.php(648): CodeIgniter\Database\BaseConnection->simpleQuery('DELETE FROM `de...')
#3 D:\penggajian\system\Database\BaseBuilder.php(2843): CodeIgniter\Database\BaseConnection->query('DELETE FROM `de...', Array, false)
#4 D:\penggajian\system\Model.php(521): CodeIgniter\Database\BaseBuilder->delete()
#5 D:\penggajian\system\BaseModel.php(1158): CodeIgniter\Model->doDelete(Array, false)
#6 D:\penggajian\app\Controllers\Departemen.php(51): CodeIgniter\BaseModel->delete(Array)
#7 D:\penggajian\system\CodeIgniter.php(933): App\Controllers\Departemen->delete('9')
#8 D:\penggajian\system\CodeIgniter.php(509): CodeIgniter\CodeIgniter->runController(Object(App\Controllers\Departemen))
#9 D:\penggajian\system\CodeIgniter.php(355): CodeIgniter\CodeIgniter->handleRequest(NULL, Object(Config\Cache), false)
#10 D:\penggajian\system\Boot.php(325): CodeIgniter\CodeIgniter->run()
#11 D:\penggajian\system\Boot.php(67): CodeIgniter\Boot::runCodeIgniter(Object(CodeIgniter\CodeIgniter))
#12 D:\penggajian\public\index.php(56): CodeIgniter\Boot::bootWeb(Object(Config\Paths))
#13 D:\penggajian\system\rewrite.php(44): require_once('D:\\penggajian\\p...')
#14 {main}
ERROR - 2024-12-07 03:05:41 --> mysqli_sql_exception: Cannot delete or update a parent row: a foreign key constraint fails (`penggajian`.`karyawan`, CONSTRAINT `karyawan_ibfk_1` FOREIGN KEY (`departemen_id`) REFERENCES `departemen` (`id`)) in D:\penggajian\system\Database\MySQLi\Connection.php:312
Stack trace:
#0 D:\penggajian\system\Database\MySQLi\Connection.php(312): mysqli->query('DELETE FROM `de...', 0)
#1 D:\penggajian\system\Database\BaseConnection.php(734): CodeIgniter\Database\MySQLi\Connection->execute('DELETE FROM `de...')
#2 D:\penggajian\system\Database\BaseConnection.php(648): CodeIgniter\Database\BaseConnection->simpleQuery('DELETE FROM `de...')
#3 D:\penggajian\system\Database\BaseBuilder.php(2843): CodeIgniter\Database\BaseConnection->query('DELETE FROM `de...', Array, false)
#4 D:\penggajian\system\Model.php(521): CodeIgniter\Database\BaseBuilder->delete()
#5 D:\penggajian\system\BaseModel.php(1158): CodeIgniter\Model->doDelete(Array, false)
#6 D:\penggajian\app\Controllers\Departemen.php(51): CodeIgniter\BaseModel->delete(Array)
#7 D:\penggajian\system\CodeIgniter.php(933): App\Controllers\Departemen->delete('8')
#8 D:\penggajian\system\CodeIgniter.php(509): CodeIgniter\CodeIgniter->runController(Object(App\Controllers\Departemen))
#9 D:\penggajian\system\CodeIgniter.php(355): CodeIgniter\CodeIgniter->handleRequest(NULL, Object(Config\Cache), false)
#10 D:\penggajian\system\Boot.php(325): CodeIgniter\CodeIgniter->run()
#11 D:\penggajian\system\Boot.php(67): CodeIgniter\Boot::runCodeIgniter(Object(CodeIgniter\CodeIgniter))
#12 D:\penggajian\public\index.php(56): CodeIgniter\Boot::bootWeb(Object(Config\Paths))
#13 D:\penggajian\system\rewrite.php(44): require_once('D:\\penggajian\\p...')
#14 {main}
ERROR - 2024-12-07 03:08:43 --> mysqli_sql_exception: Cannot delete or update a parent row: a foreign key constraint fails (`penggajian`.`karyawan`, CONSTRAINT `karyawan_ibfk_1` FOREIGN KEY (`departemen_id`) REFERENCES `departemen` (`id`)) in D:\penggajian\system\Database\MySQLi\Connection.php:312
Stack trace:
#0 D:\penggajian\system\Database\MySQLi\Connection.php(312): mysqli->query('DELETE FROM `de...', 0)
#1 D:\penggajian\system\Database\BaseConnection.php(734): CodeIgniter\Database\MySQLi\Connection->execute('DELETE FROM `de...')
#2 D:\penggajian\system\Database\BaseConnection.php(648): CodeIgniter\Database\BaseConnection->simpleQuery('DELETE FROM `de...')
#3 D:\penggajian\system\Database\BaseBuilder.php(2843): CodeIgniter\Database\BaseConnection->query('DELETE FROM `de...', Array, false)
#4 D:\penggajian\system\Model.php(521): CodeIgniter\Database\BaseBuilder->delete()
#5 D:\penggajian\system\BaseModel.php(1158): CodeIgniter\Model->doDelete(Array, false)
#6 D:\penggajian\app\Controllers\Departemen.php(51): CodeIgniter\BaseModel->delete(Array)
#7 D:\penggajian\system\CodeIgniter.php(933): App\Controllers\Departemen->delete('9')
#8 D:\penggajian\system\CodeIgniter.php(509): CodeIgniter\CodeIgniter->runController(Object(App\Controllers\Departemen))
#9 D:\penggajian\system\CodeIgniter.php(355): CodeIgniter\CodeIgniter->handleRequest(NULL, Object(Config\Cache), false)
#10 D:\penggajian\system\Boot.php(325): CodeIgniter\CodeIgniter->run()
#11 D:\penggajian\system\Boot.php(67): CodeIgniter\Boot::runCodeIgniter(Object(CodeIgniter\CodeIgniter))
#12 D:\penggajian\public\index.php(56): CodeIgniter\Boot::bootWeb(Object(Config\Paths))
#13 D:\penggajian\system\rewrite.php(44): require_once('D:\\penggajian\\p...')
#14 {main}
