CRITICAL - 2024-11-23 14:58:20 --> ErrorException: Undefined variable $departemen
[Method: GET, Route: dashboard]
in APPPATH\Views\dashboard.php on line 135.
 1 APPPATH\Views\dashboard.php(135): CodeIgniter\Debug\Exceptions->errorHandler(2, 'Undefined variable $departemen', 'D:\\penggajian\\app\\Views\\dashboard.php', 135)
 2 SYSTEMPATH\View\View.php(234): include('D:\\penggajian\\app\\Views\\dashboard.php')
 3 SYSTEMPATH\View\View.php(237): CodeIgniter\View\View->CodeIgniter\View\{closure}()
 4 SYSTEMPATH\Common.php(1171): CodeIgniter\View\View->render('dashboard', [], true)
 5 APPPATH\Controllers\Home.php(11): view('dashboard')
 6 SYSTEMPATH\CodeIgniter.php(933): App\Controllers\Home->index()
 7 SYSTEMPATH\CodeIgniter.php(509): CodeIgniter\CodeIgniter->runController(Object(App\Controllers\Home))
 8 SYSTEMPATH\CodeIgniter.php(355): CodeIgniter\CodeIgniter->handleRequest(null, Object(Config\Cache), false)
 9 SYSTEMPATH\Boot.php(325): CodeIgniter\CodeIgniter->run()
10 SYSTEMPATH\Boot.php(67): CodeIgniter\Boot::runCodeIgniter(Object(CodeIgniter\CodeIgniter))
11 FCPATH\index.php(56): CodeIgniter\Boot::bootWeb(Object(Config\Paths))
12 SYSTEMPATH\rewrite.php(44): require_once('D:\\penggajian\\public\\index.php')
CRITICAL - 2024-11-23 14:58:22 --> ErrorException: Undefined variable $departemen
[Method: GET, Route: dashboard]
in APPPATH\Views\dashboard.php on line 135.
 1 APPPATH\Views\dashboard.php(135): CodeIgniter\Debug\Exceptions->errorHandler(2, 'Undefined variable $departemen', 'D:\\penggajian\\app\\Views\\dashboard.php', 135)
 2 SYSTEMPATH\View\View.php(234): include('D:\\penggajian\\app\\Views\\dashboard.php')
 3 SYSTEMPATH\View\View.php(237): CodeIgniter\View\View->CodeIgniter\View\{closure}()
 4 SYSTEMPATH\Common.php(1171): CodeIgniter\View\View->render('dashboard', [], true)
 5 APPPATH\Controllers\Home.php(11): view('dashboard')
 6 SYSTEMPATH\CodeIgniter.php(933): App\Controllers\Home->index()
 7 SYSTEMPATH\CodeIgniter.php(509): CodeIgniter\CodeIgniter->runController(Object(App\Controllers\Home))
 8 SYSTEMPATH\CodeIgniter.php(355): CodeIgniter\CodeIgniter->handleRequest(null, Object(Config\Cache), false)
 9 SYSTEMPATH\Boot.php(325): CodeIgniter\CodeIgniter->run()
10 SYSTEMPATH\Boot.php(67): CodeIgniter\Boot::runCodeIgniter(Object(CodeIgniter\CodeIgniter))
11 FCPATH\index.php(56): CodeIgniter\Boot::bootWeb(Object(Config\Paths))
12 SYSTEMPATH\rewrite.php(44): require_once('D:\\penggajian\\public\\index.php')
CRITICAL - 2024-11-23 14:58:42 --> ErrorException: Undefined variable $departemen
[Method: GET, Route: dashboard]
in APPPATH\Views\dashboard.php on line 135.
 1 APPPATH\Views\dashboard.php(135): CodeIgniter\Debug\Exceptions->errorHandler(2, 'Undefined variable $departemen', 'D:\\penggajian\\app\\Views\\dashboard.php', 135)
 2 SYSTEMPATH\View\View.php(234): include('D:\\penggajian\\app\\Views\\dashboard.php')
 3 SYSTEMPATH\View\View.php(237): CodeIgniter\View\View->CodeIgniter\View\{closure}()
 4 SYSTEMPATH\Common.php(1171): CodeIgniter\View\View->render('dashboard', [], true)
 5 APPPATH\Controllers\Home.php(11): view('dashboard')
 6 SYSTEMPATH\CodeIgniter.php(933): App\Controllers\Home->index()
 7 SYSTEMPATH\CodeIgniter.php(509): CodeIgniter\CodeIgniter->runController(Object(App\Controllers\Home))
 8 SYSTEMPATH\CodeIgniter.php(355): CodeIgniter\CodeIgniter->handleRequest(null, Object(Config\Cache), false)
 9 SYSTEMPATH\Boot.php(325): CodeIgniter\CodeIgniter->run()
10 SYSTEMPATH\Boot.php(67): CodeIgniter\Boot::runCodeIgniter(Object(CodeIgniter\CodeIgniter))
11 FCPATH\index.php(56): CodeIgniter\Boot::bootWeb(Object(Config\Paths))
12 SYSTEMPATH\rewrite.php(44): require_once('D:\\penggajian\\public\\index.php')
CRITICAL - 2024-11-23 14:58:42 --> ErrorException: Undefined variable $departemen
[Method: GET, Route: dashboard]
in APPPATH\Views\dashboard.php on line 135.
 1 APPPATH\Views\dashboard.php(135): CodeIgniter\Debug\Exceptions->errorHandler(2, 'Undefined variable $departemen', 'D:\\penggajian\\app\\Views\\dashboard.php', 135)
 2 SYSTEMPATH\View\View.php(234): include('D:\\penggajian\\app\\Views\\dashboard.php')
 3 SYSTEMPATH\View\View.php(237): CodeIgniter\View\View->CodeIgniter\View\{closure}()
 4 SYSTEMPATH\Common.php(1171): CodeIgniter\View\View->render('dashboard', [], true)
 5 APPPATH\Controllers\Home.php(11): view('dashboard')
 6 SYSTEMPATH\CodeIgniter.php(933): App\Controllers\Home->index()
 7 SYSTEMPATH\CodeIgniter.php(509): CodeIgniter\CodeIgniter->runController(Object(App\Controllers\Home))
 8 SYSTEMPATH\CodeIgniter.php(355): CodeIgniter\CodeIgniter->handleRequest(null, Object(Config\Cache), false)
 9 SYSTEMPATH\Boot.php(325): CodeIgniter\CodeIgniter->run()
10 SYSTEMPATH\Boot.php(67): CodeIgniter\Boot::runCodeIgniter(Object(CodeIgniter\CodeIgniter))
11 FCPATH\index.php(56): CodeIgniter\Boot::bootWeb(Object(Config\Paths))
12 SYSTEMPATH\rewrite.php(44): require_once('D:\\penggajian\\public\\index.php')
ERROR - 2024-11-23 15:50:26 --> mysqli_sql_exception: Unknown column 'name' in 'field list' in D:\penggajian\system\Database\MySQLi\Connection.php:312
Stack trace:
#0 D:\penggajian\system\Database\MySQLi\Connection.php(312): mysqli->query('INSERT INTO `ja...', 0)
#1 D:\penggajian\system\Database\BaseConnection.php(734): CodeIgniter\Database\MySQLi\Connection->execute('INSERT INTO `ja...')
#2 D:\penggajian\system\Database\BaseConnection.php(648): CodeIgniter\Database\BaseConnection->simpleQuery('INSERT INTO `ja...')
#3 D:\penggajian\system\Database\BaseBuilder.php(2340): CodeIgniter\Database\BaseConnection->query('INSERT INTO `ja...', Array, false)
#4 D:\penggajian\system\Model.php(394): CodeIgniter\Database\BaseBuilder->insert()
#5 D:\penggajian\system\BaseModel.php(840): CodeIgniter\Model->doInsert(Array)
#6 D:\penggajian\system\Model.php(802): CodeIgniter\BaseModel->insert(Array, false)
#7 D:\penggajian\system\BaseModel.php(751): CodeIgniter\Model->insert(Array, false)
#8 D:\penggajian\app\Controllers\Jabatan.php(38): CodeIgniter\BaseModel->save(Array)
#9 D:\penggajian\system\CodeIgniter.php(933): App\Controllers\Jabatan->store()
#10 D:\penggajian\system\CodeIgniter.php(509): CodeIgniter\CodeIgniter->runController(Object(App\Controllers\Jabatan))
#11 D:\penggajian\system\CodeIgniter.php(355): CodeIgniter\CodeIgniter->handleRequest(NULL, Object(Config\Cache), false)
#12 D:\penggajian\system\Boot.php(325): CodeIgniter\CodeIgniter->run()
#13 D:\penggajian\system\Boot.php(67): CodeIgniter\Boot::runCodeIgniter(Object(CodeIgniter\CodeIgniter))
#14 D:\penggajian\public\index.php(56): CodeIgniter\Boot::bootWeb(Object(Config\Paths))
#15 D:\penggajian\system\rewrite.php(44): require_once('D:\\penggajian\\p...')
#16 {main}
ERROR - 2024-11-23 15:55:25 --> mysqli_sql_exception: Unknown column 'description' in 'field list' in D:\penggajian\system\Database\MySQLi\Connection.php:312
Stack trace:
#0 D:\penggajian\system\Database\MySQLi\Connection.php(312): mysqli->query('INSERT INTO `ja...', 0)
#1 D:\penggajian\system\Database\BaseConnection.php(734): CodeIgniter\Database\MySQLi\Connection->execute('INSERT INTO `ja...')
#2 D:\penggajian\system\Database\BaseConnection.php(648): CodeIgniter\Database\BaseConnection->simpleQuery('INSERT INTO `ja...')
#3 D:\penggajian\system\Database\BaseBuilder.php(2340): CodeIgniter\Database\BaseConnection->query('INSERT INTO `ja...', Array, false)
#4 D:\penggajian\system\Model.php(394): CodeIgniter\Database\BaseBuilder->insert()
#5 D:\penggajian\system\BaseModel.php(840): CodeIgniter\Model->doInsert(Array)
#6 D:\penggajian\system\Model.php(802): CodeIgniter\BaseModel->insert(Array, true)
#7 D:\penggajian\app\Controllers\Jabatan.php(28): CodeIgniter\Model->insert(Array)
#8 D:\penggajian\system\CodeIgniter.php(933): App\Controllers\Jabatan->store()
#9 D:\penggajian\system\CodeIgniter.php(509): CodeIgniter\CodeIgniter->runController(Object(App\Controllers\Jabatan))
#10 D:\penggajian\system\CodeIgniter.php(355): CodeIgniter\CodeIgniter->handleRequest(NULL, Object(Config\Cache), false)
#11 D:\penggajian\system\Boot.php(325): CodeIgniter\CodeIgniter->run()
#12 D:\penggajian\system\Boot.php(67): CodeIgniter\Boot::runCodeIgniter(Object(CodeIgniter\CodeIgniter))
#13 D:\penggajian\public\index.php(56): CodeIgniter\Boot::bootWeb(Object(Config\Paths))
#14 D:\penggajian\system\rewrite.php(44): require_once('D:\\penggajian\\p...')
#15 {main}
ERROR - 2024-11-23 15:58:24 --> mysqli_sql_exception: Unknown column 'description' in 'field list' in D:\penggajian\system\Database\MySQLi\Connection.php:312
Stack trace:
#0 D:\penggajian\system\Database\MySQLi\Connection.php(312): mysqli->query('UPDATE `jabatan...', 0)
#1 D:\penggajian\system\Database\BaseConnection.php(734): CodeIgniter\Database\MySQLi\Connection->execute('UPDATE `jabatan...')
#2 D:\penggajian\system\Database\BaseConnection.php(648): CodeIgniter\Database\BaseConnection->simpleQuery('UPDATE `jabatan...')
#3 D:\penggajian\system\Database\BaseBuilder.php(2516): CodeIgniter\Database\BaseConnection->query('UPDATE `jabatan...', Array, false)
#4 D:\penggajian\system\Model.php(461): CodeIgniter\Database\BaseBuilder->update()
#5 D:\penggajian\system\BaseModel.php(1028): CodeIgniter\Model->doUpdate(Array, Array)
#6 D:\penggajian\system\Model.php(865): CodeIgniter\BaseModel->update(Array, Array)
#7 D:\penggajian\app\Controllers\Jabatan.php(46): CodeIgniter\Model->update('1', Array)
#8 D:\penggajian\system\CodeIgniter.php(933): App\Controllers\Jabatan->update('1')
#9 D:\penggajian\system\CodeIgniter.php(509): CodeIgniter\CodeIgniter->runController(Object(App\Controllers\Jabatan))
#10 D:\penggajian\system\CodeIgniter.php(355): CodeIgniter\CodeIgniter->handleRequest(NULL, Object(Config\Cache), false)
#11 D:\penggajian\system\Boot.php(325): CodeIgniter\CodeIgniter->run()
#12 D:\penggajian\system\Boot.php(67): CodeIgniter\Boot::runCodeIgniter(Object(CodeIgniter\CodeIgniter))
#13 D:\penggajian\public\index.php(56): CodeIgniter\Boot::bootWeb(Object(Config\Paths))
#14 D:\penggajian\system\rewrite.php(44): require_once('D:\\penggajian\\p...')
#15 {main}
CRITICAL - 2024-11-23 16:01:13 --> ErrorException: Undefined array key "description"
[Method: GET, Route: jabatan/edit/1]
in APPPATH\Views\jabatan\edit.php on line 19.
 1 APPPATH\Views\jabatan\edit.php(19): CodeIgniter\Debug\Exceptions->errorHandler(2, 'Undefined array key "description"', 'D:\\penggajian\\app\\Views\\jabatan\\edit.php', 19)
 2 SYSTEMPATH\View\View.php(234): include('D:\\penggajian\\app\\Views\\jabatan\\edit.php')
 3 SYSTEMPATH\View\View.php(237): CodeIgniter\View\View->CodeIgniter\View\{closure}()
 4 SYSTEMPATH\Common.php(1171): CodeIgniter\View\View->render('jabatan/edit', [], true)
 5 APPPATH\Controllers\Jabatan.php(36): view('jabatan/edit', [...])
 6 SYSTEMPATH\CodeIgniter.php(933): App\Controllers\Jabatan->edit('1')
 7 SYSTEMPATH\CodeIgniter.php(509): CodeIgniter\CodeIgniter->runController(Object(App\Controllers\Jabatan))
 8 SYSTEMPATH\CodeIgniter.php(355): CodeIgniter\CodeIgniter->handleRequest(null, Object(Config\Cache), false)
 9 SYSTEMPATH\Boot.php(325): CodeIgniter\CodeIgniter->run()
10 SYSTEMPATH\Boot.php(67): CodeIgniter\Boot::runCodeIgniter(Object(CodeIgniter\CodeIgniter))
11 FCPATH\index.php(56): CodeIgniter\Boot::bootWeb(Object(Config\Paths))
12 SYSTEMPATH\rewrite.php(44): require_once('D:\\penggajian\\public\\index.php')
ERROR - 2024-11-23 16:04:35 --> mysqli_sql_exception: Unknown column 'description' in 'field list' in D:\penggajian\system\Database\MySQLi\Connection.php:312
Stack trace:
#0 D:\penggajian\system\Database\MySQLi\Connection.php(312): mysqli->query('INSERT INTO `ja...', 0)
#1 D:\penggajian\system\Database\BaseConnection.php(734): CodeIgniter\Database\MySQLi\Connection->execute('INSERT INTO `ja...')
#2 D:\penggajian\system\Database\BaseConnection.php(648): CodeIgniter\Database\BaseConnection->simpleQuery('INSERT INTO `ja...')
#3 D:\penggajian\system\Database\BaseBuilder.php(2340): CodeIgniter\Database\BaseConnection->query('INSERT INTO `ja...', Array, false)
#4 D:\penggajian\system\Model.php(394): CodeIgniter\Database\BaseBuilder->insert()
#5 D:\penggajian\system\BaseModel.php(840): CodeIgniter\Model->doInsert(Array)
#6 D:\penggajian\system\Model.php(802): CodeIgniter\BaseModel->insert(Array, true)
#7 D:\penggajian\app\Controllers\Jabatan.php(28): CodeIgniter\Model->insert(Array)
#8 D:\penggajian\system\CodeIgniter.php(933): App\Controllers\Jabatan->store()
#9 D:\penggajian\system\CodeIgniter.php(509): CodeIgniter\CodeIgniter->runController(Object(App\Controllers\Jabatan))
#10 D:\penggajian\system\CodeIgniter.php(355): CodeIgniter\CodeIgniter->handleRequest(NULL, Object(Config\Cache), false)
#11 D:\penggajian\system\Boot.php(325): CodeIgniter\CodeIgniter->run()
#12 D:\penggajian\system\Boot.php(67): CodeIgniter\Boot::runCodeIgniter(Object(CodeIgniter\CodeIgniter))
#13 D:\penggajian\public\index.php(56): CodeIgniter\Boot::bootWeb(Object(Config\Paths))
#14 D:\penggajian\system\rewrite.php(44): require_once('D:\\penggajian\\p...')
#15 {main}
ERROR - 2024-11-23 16:04:53 --> mysqli_sql_exception: Unknown column 'description' in 'field list' in D:\penggajian\system\Database\MySQLi\Connection.php:312
Stack trace:
#0 D:\penggajian\system\Database\MySQLi\Connection.php(312): mysqli->query('UPDATE `jabatan...', 0)
#1 D:\penggajian\system\Database\BaseConnection.php(734): CodeIgniter\Database\MySQLi\Connection->execute('UPDATE `jabatan...')
#2 D:\penggajian\system\Database\BaseConnection.php(648): CodeIgniter\Database\BaseConnection->simpleQuery('UPDATE `jabatan...')
#3 D:\penggajian\system\Database\BaseBuilder.php(2516): CodeIgniter\Database\BaseConnection->query('UPDATE `jabatan...', Array, false)
#4 D:\penggajian\system\Model.php(461): CodeIgniter\Database\BaseBuilder->update()
#5 D:\penggajian\system\BaseModel.php(1028): CodeIgniter\Model->doUpdate(Array, Array)
#6 D:\penggajian\system\Model.php(865): CodeIgniter\BaseModel->update(Array, Array)
#7 D:\penggajian\app\Controllers\Jabatan.php(46): CodeIgniter\Model->update('1', Array)
#8 D:\penggajian\system\CodeIgniter.php(933): App\Controllers\Jabatan->update('1')
#9 D:\penggajian\system\CodeIgniter.php(509): CodeIgniter\CodeIgniter->runController(Object(App\Controllers\Jabatan))
#10 D:\penggajian\system\CodeIgniter.php(355): CodeIgniter\CodeIgniter->handleRequest(NULL, Object(Config\Cache), false)
#11 D:\penggajian\system\Boot.php(325): CodeIgniter\CodeIgniter->run()
#12 D:\penggajian\system\Boot.php(67): CodeIgniter\Boot::runCodeIgniter(Object(CodeIgniter\CodeIgniter))
#13 D:\penggajian\public\index.php(56): CodeIgniter\Boot::bootWeb(Object(Config\Paths))
#14 D:\penggajian\system\rewrite.php(44): require_once('D:\\penggajian\\p...')
#15 {main}
CRITICAL - 2024-11-23 16:07:16 --> ErrorException: Trying to access array offset on value of type null
[Method: GET, Route: departemen/edit/3]
in APPPATH\Views\departemen\edit.php on line 12.
 1 APPPATH\Views\departemen\edit.php(12): CodeIgniter\Debug\Exceptions->errorHandler(2, 'Trying to access array offset on value of type null', 'D:\\penggajian\\app\\Views\\departemen\\edit.php', 12)
 2 SYSTEMPATH\View\View.php(234): include('D:\\penggajian\\app\\Views\\departemen\\edit.php')
 3 SYSTEMPATH\View\View.php(237): CodeIgniter\View\View->CodeIgniter\View\{closure}()
 4 SYSTEMPATH\Common.php(1171): CodeIgniter\View\View->render('departemen/edit', [], true)
 5 APPPATH\Controllers\Departemen.php(35): view('departemen/edit', [...])
 6 SYSTEMPATH\CodeIgniter.php(933): App\Controllers\Departemen->edit('3')
 7 SYSTEMPATH\CodeIgniter.php(509): CodeIgniter\CodeIgniter->runController(Object(App\Controllers\Departemen))
 8 SYSTEMPATH\CodeIgniter.php(355): CodeIgniter\CodeIgniter->handleRequest(null, Object(Config\Cache), false)
 9 SYSTEMPATH\Boot.php(325): CodeIgniter\CodeIgniter->run()
10 SYSTEMPATH\Boot.php(67): CodeIgniter\Boot::runCodeIgniter(Object(CodeIgniter\CodeIgniter))
11 FCPATH\index.php(56): CodeIgniter\Boot::bootWeb(Object(Config\Paths))
12 SYSTEMPATH\rewrite.php(44): require_once('D:\\penggajian\\public\\index.php')
CRITICAL - 2024-11-23 16:07:18 --> ErrorException: Trying to access array offset on value of type null
[Method: GET, Route: departemen/edit/3]
in APPPATH\Views\departemen\edit.php on line 12.
 1 APPPATH\Views\departemen\edit.php(12): CodeIgniter\Debug\Exceptions->errorHandler(2, 'Trying to access array offset on value of type null', 'D:\\penggajian\\app\\Views\\departemen\\edit.php', 12)
 2 SYSTEMPATH\View\View.php(234): include('D:\\penggajian\\app\\Views\\departemen\\edit.php')
 3 SYSTEMPATH\View\View.php(237): CodeIgniter\View\View->CodeIgniter\View\{closure}()
 4 SYSTEMPATH\Common.php(1171): CodeIgniter\View\View->render('departemen/edit', [], true)
 5 APPPATH\Controllers\Departemen.php(35): view('departemen/edit', [...])
 6 SYSTEMPATH\CodeIgniter.php(933): App\Controllers\Departemen->edit('3')
 7 SYSTEMPATH\CodeIgniter.php(509): CodeIgniter\CodeIgniter->runController(Object(App\Controllers\Departemen))
 8 SYSTEMPATH\CodeIgniter.php(355): CodeIgniter\CodeIgniter->handleRequest(null, Object(Config\Cache), false)
 9 SYSTEMPATH\Boot.php(325): CodeIgniter\CodeIgniter->run()
10 SYSTEMPATH\Boot.php(67): CodeIgniter\Boot::runCodeIgniter(Object(CodeIgniter\CodeIgniter))
11 FCPATH\index.php(56): CodeIgniter\Boot::bootWeb(Object(Config\Paths))
12 SYSTEMPATH\rewrite.php(44): require_once('D:\\penggajian\\public\\index.php')
ERROR - 2024-11-23 16:07:37 --> mysqli_sql_exception: Unknown column 'description' in 'field list' in D:\penggajian\system\Database\MySQLi\Connection.php:312
Stack trace:
#0 D:\penggajian\system\Database\MySQLi\Connection.php(312): mysqli->query('INSERT INTO `ja...', 0)
#1 D:\penggajian\system\Database\BaseConnection.php(734): CodeIgniter\Database\MySQLi\Connection->execute('INSERT INTO `ja...')
#2 D:\penggajian\system\Database\BaseConnection.php(648): CodeIgniter\Database\BaseConnection->simpleQuery('INSERT INTO `ja...')
#3 D:\penggajian\system\Database\BaseBuilder.php(2340): CodeIgniter\Database\BaseConnection->query('INSERT INTO `ja...', Array, false)
#4 D:\penggajian\system\Model.php(394): CodeIgniter\Database\BaseBuilder->insert()
#5 D:\penggajian\system\BaseModel.php(840): CodeIgniter\Model->doInsert(Array)
#6 D:\penggajian\system\Model.php(802): CodeIgniter\BaseModel->insert(Array, true)
#7 D:\penggajian\app\Controllers\Jabatan.php(28): CodeIgniter\Model->insert(Array)
#8 D:\penggajian\system\CodeIgniter.php(933): App\Controllers\Jabatan->store()
#9 D:\penggajian\system\CodeIgniter.php(509): CodeIgniter\CodeIgniter->runController(Object(App\Controllers\Jabatan))
#10 D:\penggajian\system\CodeIgniter.php(355): CodeIgniter\CodeIgniter->handleRequest(NULL, Object(Config\Cache), false)
#11 D:\penggajian\system\Boot.php(325): CodeIgniter\CodeIgniter->run()
#12 D:\penggajian\system\Boot.php(67): CodeIgniter\Boot::runCodeIgniter(Object(CodeIgniter\CodeIgniter))
#13 D:\penggajian\public\index.php(56): CodeIgniter\Boot::bootWeb(Object(Config\Paths))
#14 D:\penggajian\system\rewrite.php(44): require_once('D:\\penggajian\\p...')
#15 {main}
CRITICAL - 2024-11-23 16:09:33 --> ErrorException: Trying to access array offset on value of type null
[Method: GET, Route: jabatan/edit/2]
in APPPATH\Views\jabatan\edit.php on line 12.
 1 APPPATH\Views\jabatan\edit.php(12): CodeIgniter\Debug\Exceptions->errorHandler(2, 'Trying to access array offset on value of type null', 'D:\\penggajian\\app\\Views\\jabatan\\edit.php', 12)
 2 SYSTEMPATH\View\View.php(234): include('D:\\penggajian\\app\\Views\\jabatan\\edit.php')
 3 SYSTEMPATH\View\View.php(237): CodeIgniter\View\View->CodeIgniter\View\{closure}()
 4 SYSTEMPATH\Common.php(1171): CodeIgniter\View\View->render('jabatan/edit', [], true)
 5 APPPATH\Controllers\Jabatan.php(35): view('jabatan/edit', [...])
 6 SYSTEMPATH\CodeIgniter.php(933): App\Controllers\Jabatan->edit('2')
 7 SYSTEMPATH\CodeIgniter.php(509): CodeIgniter\CodeIgniter->runController(Object(App\Controllers\Jabatan))
 8 SYSTEMPATH\CodeIgniter.php(355): CodeIgniter\CodeIgniter->handleRequest(null, Object(Config\Cache), false)
 9 SYSTEMPATH\Boot.php(325): CodeIgniter\CodeIgniter->run()
10 SYSTEMPATH\Boot.php(67): CodeIgniter\Boot::runCodeIgniter(Object(CodeIgniter\CodeIgniter))
11 FCPATH\index.php(56): CodeIgniter\Boot::bootWeb(Object(Config\Paths))
12 SYSTEMPATH\rewrite.php(44): require_once('D:\\penggajian\\public\\index.php')
CRITICAL - 2024-11-23 17:38:22 --> TypeError: Unsupported operand types: string + string
[Method: POST, Route: penggajian/store]
in APPPATH\Controllers\Penggajian.php on line 40.
 1 SYSTEMPATH\CodeIgniter.php(933): App\Controllers\Penggajian->store()
 2 SYSTEMPATH\CodeIgniter.php(509): CodeIgniter\CodeIgniter->runController(Object(App\Controllers\Penggajian))
 3 SYSTEMPATH\CodeIgniter.php(355): CodeIgniter\CodeIgniter->handleRequest(null, Object(Config\Cache), false)
 4 SYSTEMPATH\Boot.php(325): CodeIgniter\CodeIgniter->run()
 5 SYSTEMPATH\Boot.php(67): CodeIgniter\Boot::runCodeIgniter(Object(CodeIgniter\CodeIgniter))
 6 FCPATH\index.php(56): CodeIgniter\Boot::bootWeb(Object(Config\Paths))
 7 SYSTEMPATH\rewrite.php(44): require_once('D:\\penggajian\\public\\index.php')
CRITICAL - 2024-11-23 17:45:34 --> ErrorException: Undefined array key "nama_karyawan"
[Method: GET, Route: penggajian]
in APPPATH\Views\penggajian\index.php on line 28.
 1 APPPATH\Views\penggajian\index.php(28): CodeIgniter\Debug\Exceptions->errorHandler(2, 'Undefined array key "nama_karyawan"', 'D:\\penggajian\\app\\Views\\penggajian\\index.php', 28)
 2 SYSTEMPATH\View\View.php(234): include('D:\\penggajian\\app\\Views\\penggajian\\index.php')
 3 SYSTEMPATH\View\View.php(237): CodeIgniter\View\View->CodeIgniter\View\{closure}()
 4 SYSTEMPATH\Common.php(1171): CodeIgniter\View\View->render('penggajian/index', [], true)
 5 APPPATH\Controllers\Penggajian.php(24): view('penggajian/index', [...])
 6 SYSTEMPATH\CodeIgniter.php(933): App\Controllers\Penggajian->index()
 7 SYSTEMPATH\CodeIgniter.php(509): CodeIgniter\CodeIgniter->runController(Object(App\Controllers\Penggajian))
 8 SYSTEMPATH\CodeIgniter.php(355): CodeIgniter\CodeIgniter->handleRequest(null, Object(Config\Cache), false)
 9 SYSTEMPATH\Boot.php(325): CodeIgniter\CodeIgniter->run()
10 SYSTEMPATH\Boot.php(67): CodeIgniter\Boot::runCodeIgniter(Object(CodeIgniter\CodeIgniter))
11 FCPATH\index.php(56): CodeIgniter\Boot::bootWeb(Object(Config\Paths))
12 SYSTEMPATH\rewrite.php(44): require_once('D:\\penggajian\\public\\index.php')
CRITICAL - 2024-11-23 17:45:38 --> ErrorException: Undefined array key "nama_karyawan"
[Method: GET, Route: penggajian]
in APPPATH\Views\penggajian\index.php on line 28.
 1 APPPATH\Views\penggajian\index.php(28): CodeIgniter\Debug\Exceptions->errorHandler(2, 'Undefined array key "nama_karyawan"', 'D:\\penggajian\\app\\Views\\penggajian\\index.php', 28)
 2 SYSTEMPATH\View\View.php(234): include('D:\\penggajian\\app\\Views\\penggajian\\index.php')
 3 SYSTEMPATH\View\View.php(237): CodeIgniter\View\View->CodeIgniter\View\{closure}()
 4 SYSTEMPATH\Common.php(1171): CodeIgniter\View\View->render('penggajian/index', [], true)
 5 APPPATH\Controllers\Penggajian.php(24): view('penggajian/index', [...])
 6 SYSTEMPATH\CodeIgniter.php(933): App\Controllers\Penggajian->index()
 7 SYSTEMPATH\CodeIgniter.php(509): CodeIgniter\CodeIgniter->runController(Object(App\Controllers\Penggajian))
 8 SYSTEMPATH\CodeIgniter.php(355): CodeIgniter\CodeIgniter->handleRequest(null, Object(Config\Cache), false)
 9 SYSTEMPATH\Boot.php(325): CodeIgniter\CodeIgniter->run()
10 SYSTEMPATH\Boot.php(67): CodeIgniter\Boot::runCodeIgniter(Object(CodeIgniter\CodeIgniter))
11 FCPATH\index.php(56): CodeIgniter\Boot::bootWeb(Object(Config\Paths))
12 SYSTEMPATH\rewrite.php(44): require_once('D:\\penggajian\\public\\index.php')
